2023-12-01 11:48:42,948 - kedro.framework.session.session - INFO - Kedro project bert-demo
2023-12-01 11:59:20,340 - kedro.framework.session.session - INFO - Kedro project bert-demo
2023-12-01 12:02:58,407 - kedro.framework.session.session - INFO - Kedro project bert-demo
2023-12-01 12:03:04,390 - kedro.io.data_catalog - INFO - Loading data from 'input_text' (CSVDataSet)...
2023-12-01 12:03:04,413 - kedro.pipeline.node - INFO - Running node: bert_node: bert_language_model([input_text]) -> [bert_predictions]
2023-12-01 12:03:06,953 - kedro.pipeline.node - ERROR - Node 'bert_node: bert_language_model([input_text]) -> [bert_predictions]' failed with error: 
Input       label                                               text
0         0  Go until jurong point, crazy.. Available only ...
1         0                      Ok lar... Joking wif u oni...
2         1  Free entry in 2 a wkly comp to win FA Cup fina...
3         0  U dun say so early hor... U c already then say...
4         0  Nah I don't think he goes to usf, he lives aro...
...     ...                                                ...
5567      1  This is the 2nd time we have tried 2 contact u...
5568      0              Will Ì_ b going to esplanade fr home?
5569      0  Pity, * was in mood for that. So...any other s...
5570      0  The guy did some bitching but I acted like i'd...
5571      0                         Rofl. Its true to its name

[5572 rows x 2 columns] is not valid. Should be a string, a list/tuple of strings or a list/tuple of integers.
2023-12-01 12:03:06,960 - kedro.runner.sequential_runner - WARNING - No nodes ran. Repeat the previous command to attempt a new run.
2023-12-01 12:08:14,097 - kedro.framework.session.session - INFO - Kedro project bert-demo
2023-12-01 12:08:20,070 - kedro.io.data_catalog - INFO - Loading data from 'input_text' (CSVDataSet)...
2023-12-01 12:08:20,145 - kedro.pipeline.node - INFO - Running node: bert_node: bert_language_model([input_text]) -> [bert_predictions]
2023-12-01 12:08:23,087 - kedro.pipeline.node - ERROR - Node 'bert_node: bert_language_model([input_text]) -> [bert_predictions]' failed with error: 
Input                                                    text Unnamed: 1 Unnamed: 2  ... Unnamed: 34 Unnamed: 35 Unnamed: 36
0     Go until jurong point, crazy.. Available only ...        NaN        NaN  ...         NaN         NaN         NaN
1                         Ok lar... Joking wif u oni...        NaN        NaN  ...         NaN         NaN         NaN
2     Free entry in 2 a wkly comp to win FA Cup fina...        NaN        NaN  ...         NaN         NaN         NaN
3     U dun say so early hor... U c already then say...        NaN        NaN  ...         NaN         NaN         NaN
4     Nah I don't think he goes to usf, he lives aro...        NaN        NaN  ...         NaN         NaN         NaN
...                                                 ...        ...        ...  ...         ...         ...         ...
5567  This is the 2nd time we have tried 2 contact u...        NaN        NaN  ...         NaN         NaN         NaN
5568              Will Ì_ b going to esplanade fr home?        NaN        NaN  ...         NaN         NaN         NaN
5569  Pity, * was in mood for that. So...any other s...        NaN        NaN  ...         NaN         NaN         NaN
5570  The guy did some bitching but I acted like i'd...        NaN        NaN  ...         NaN         NaN         NaN
5571                         Rofl. Its true to its name        NaN        NaN  ...         NaN         NaN         NaN

[5572 rows x 37 columns] is not valid. Should be a string, a list/tuple of strings or a list/tuple of integers.
2023-12-01 12:08:23,119 - kedro.runner.sequential_runner - WARNING - No nodes ran. Repeat the previous command to attempt a new run.
2023-12-01 12:29:38,150 - kedro.framework.session.session - INFO - Kedro project bert-demo
2023-12-01 12:31:06,212 - kedro.framework.session.session - INFO - Kedro project bert-demo
2023-12-01 12:47:11,501 - kedro.framework.session.session - INFO - Kedro project bert-demo
2023-12-01 12:47:59,934 - kedro.framework.session.session - INFO - Kedro project bert-demo
2023-12-01 12:48:06,200 - kedro.io.data_catalog - INFO - Loading data from 'input_text' (CSVDataSet)...
2023-12-01 12:48:06,206 - kedro.runner.sequential_runner - WARNING - No nodes ran. Repeat the previous command to attempt a new run.
2023-12-01 12:49:18,857 - kedro.framework.session.session - INFO - Kedro project bert-demo
2023-12-01 12:49:24,891 - kedro.io.data_catalog - INFO - Loading data from 'input_text' (CSVDataSet)...
2023-12-01 12:49:24,896 - kedro.runner.sequential_runner - WARNING - No nodes ran. Repeat the previous command to attempt a new run.
2023-12-01 12:51:23,451 - kedro.framework.session.session - INFO - Kedro project bert-demo
2023-12-01 12:51:29,277 - kedro.io.data_catalog - INFO - Loading data from 'input_text' (CSVDataSet)...
2023-12-01 12:51:29,281 - kedro.runner.sequential_runner - WARNING - No nodes ran. Repeat the previous command to attempt a new run.
2023-12-01 12:52:54,430 - kedro.framework.session.session - INFO - Kedro project bert-demo
2023-12-01 12:53:00,105 - kedro.io.data_catalog - INFO - Loading data from 'input_text' (CSVDataSet)...
2023-12-01 12:53:00,110 - kedro.runner.sequential_runner - WARNING - No nodes ran. Repeat the previous command to attempt a new run.
2023-12-01 12:53:21,762 - kedro.framework.session.session - INFO - Kedro project bert-demo
2023-12-01 12:53:28,455 - kedro.io.data_catalog - INFO - Loading data from 'input_text' (CSVDataSet)...
2023-12-01 12:53:28,459 - kedro.runner.sequential_runner - WARNING - No nodes ran. Repeat the previous command to attempt a new run.
2023-12-01 12:54:19,581 - kedro.framework.session.session - INFO - Kedro project bert-demo
2023-12-01 12:54:25,908 - kedro.io.data_catalog - INFO - Loading data from 'input_text' (CSVDataSet)...
2023-12-01 12:54:25,912 - kedro.runner.sequential_runner - WARNING - No nodes ran. Repeat the previous command to attempt a new run.
2023-12-01 12:55:19,937 - kedro.framework.session.session - INFO - Kedro project bert-demo
2023-12-01 12:55:26,010 - kedro.io.data_catalog - INFO - Loading data from 'input_text' (CSVDataSet)...
2023-12-01 12:55:26,019 - kedro.pipeline.node - INFO - Running node: bert_node: bert_language_model([input_text]) -> [bert_predictions]
2023-12-01 12:55:28,966 - kedro.pipeline.node - ERROR - Node 'bert_node: bert_language_model([input_text]) -> [bert_predictions]' failed with error: 
Input                                                   Text
0    Go until jurong point, crazy.. Available only ...
1                          Ok lar... Joking wif u oni.
2    Free entry in 2 a wkly comp to win FA Cup fina...
3    U dun say so early hor... U c already then say...
4    Nah I don't think he goes to usf, he lives aro...
..                                                 ...
123  I am going to sao mu today. Will be done only ...
124          ÌÏ predict wat time Ì_'ll finish buying?.
125                              Good stuff, will do..
126  Just so that you know,yetunde hasn't sent mone...
127                            Are you there in room..

[128 rows x 1 columns] is not valid. Should be a string, a list/tuple of strings or a list/tuple of integers.
2023-12-01 12:55:28,973 - kedro.runner.sequential_runner - WARNING - No nodes ran. Repeat the previous command to attempt a new run.
2023-12-01 13:33:00,741 - kedro.framework.session.session - INFO - Kedro project bert-demo
2023-12-01 13:33:46,611 - kedro.framework.session.session - INFO - Kedro project bert-demo
2023-12-01 13:37:02,201 - kedro.framework.session.session - INFO - Kedro project bert-demo
2023-12-01 14:01:16,611 - kedro.framework.session.session - INFO - Kedro project bert-demo
2023-12-01 14:01:22,422 - kedro.io.data_catalog - INFO - Loading data from 'input_text' (CSVDataSet)...
2023-12-01 14:01:22,429 - kedro.pipeline.node - INFO - Running node: bert_node: bert_language_model([input_text]) -> [bert_predictions]
2023-12-01 14:01:25,131 - kedro.pipeline.node - ERROR - Node 'bert_node: bert_language_model([input_text]) -> [bert_predictions]' failed with error: 
Input                                            input_text
0       The quick brown fox jumps over the lazy dog.,
1   A journey of a thousand miles begins with a si...
2   In the beginning, God created the heavens and ...
3          To be or not to be, that is the question.,
4                     All that glitters is not gold.,
5                Where there is love, there is life.,
6   The only limit to our realization of tomorrow ...
7   The greatest glory in living lies not in never...
8   Life is what happens when you're busy making o...
9   Success is not final, failure is not fatal: It...
10  The only way to do great work is to love what ...
11           Happiness can exist only in acceptance.,
12       It always seems impossible until it's done.,
13         Believe you can and you're halfway there.,
14  Life is really simple, but we insist on making...
15          The purpose of our lives is to be happy.,
16  I have not failed. I've just found 10,000 ways...
17  In three words I can sum up everything I've le...
18  You have within you right now, everything you ...
19  It is not the strongest of the species that su...
20  The only person you are destined to become is ...
21  Life is 10% what happens to us and 90% how we ...
22  It is during our darkest moments that we must ...
23  Do not wait to strike till the iron is hot, bu...
24  It's not what happens to you, but how you reac...
25  The only limit to our realization of tomorrow ...
26  The best way to predict the future is to creat...
27  Strive not to be a success, but rather to be o...
28  If you want to achieve greatness stop asking f...
29  Life is either a daring adventure or nothing a...
30  Don't watch the clock; do what it does. Keep g...
31  The only place where success comes before work...
32  Don't be pushed around by the fears in your mi...
33         If you're going through hell, keep going.,
34        Don't count the days, make the days count.,
35  Success is stumbling from failure to failure w...
36  It does not matter how slowly you go, as long ...
37  Believe in yourself and all that you are. Know...
38  Your time is limited, don't waste it living so...
39  The only person you are destined to become is ...
40  The only way to do great work is to love what ...
41  I've missed more than 9000 shots in my career....
42  Do not go where the path may lead, go instead ...
43  The best revenge is to be unlike him who perfo...
44  Be not afraid of life. Believe that life is wo...
45  Twenty years from now you will be more disappo...
46                                                  ]
47                   # Print the list of long strings
48                                print(long_strings) is not valid. Should be a string, a list/tuple of strings or a list/tuple of integers.
2023-12-01 14:01:25,142 - kedro.runner.sequential_runner - WARNING - No nodes ran. Repeat the previous command to attempt a new run.
2023-12-01 14:03:51,920 - kedro.framework.session.session - INFO - Kedro project bert-demo
2023-12-01 14:03:57,921 - kedro.io.data_catalog - INFO - Loading data from 'input_text' (CSVDataSet)...
2023-12-01 14:03:57,929 - kedro.pipeline.node - INFO - Running node: bert_node: bert_language_model([input_text]) -> [bert_predictions]
2023-12-01 14:04:00,917 - kedro.pipeline.node - ERROR - Node 'bert_node: bert_language_model([input_text]) -> [bert_predictions]' failed with error: 
Input                                            input_text
0       The quick brown fox jumps over the lazy dog.,
1   A journey of a thousand miles begins with a si...
2   In the beginning, God created the heavens and ...
3          To be or not to be, that is the question.,
4                     All that glitters is not gold.,
5                Where there is love, there is life.,
6   The only limit to our realization of tomorrow ...
7   The greatest glory in living lies not in never...
8   Life is what happens when you're busy making o...
9   Success is not final, failure is not fatal: It...
10  The only way to do great work is to love what ...
11           Happiness can exist only in acceptance.,
12       It always seems impossible until it's done.,
13         Believe you can and you're halfway there.,
14  Life is really simple, but we insist on making...
15          The purpose of our lives is to be happy.,
16  I have not failed. I've just found 10,000 ways...
17  In three words I can sum up everything I've le...
18  You have within you right now, everything you ...
19  It is not the strongest of the species that su...
20  The only person you are destined to become is ...
21  Life is 10% what happens to us and 90% how we ...
22  It is during our darkest moments that we must ...
23  Do not wait to strike till the iron is hot, bu...
24  It's not what happens to you, but how you reac...
25  The only limit to our realization of tomorrow ...
26  The best way to predict the future is to creat...
27  Strive not to be a success, but rather to be o...
28  If you want to achieve greatness stop asking f...
29  Life is either a daring adventure or nothing a...
30  Don't watch the clock; do what it does. Keep g...
31  The only place where success comes before work...
32  Don't be pushed around by the fears in your mi...
33         If you're going through hell, keep going.,
34        Don't count the days, make the days count.,
35  Success is stumbling from failure to failure w...
36  It does not matter how slowly you go, as long ...
37  Believe in yourself and all that you are. Know...
38  Your time is limited, don't waste it living so...
39  The only person you are destined to become is ...
40  The only way to do great work is to love what ...
41  I've missed more than 9000 shots in my career....
42  Do not go where the path may lead, go instead ...
43  The best revenge is to be unlike him who perfo...
44  Be not afraid of life. Believe that life is wo...
45  Twenty years from now you will be more disappo... is not valid. Should be a string, a list/tuple of strings or a list/tuple of integers.
2023-12-01 14:04:00,927 - kedro.runner.sequential_runner - WARNING - No nodes ran. Repeat the previous command to attempt a new run.
2023-12-01 14:04:39,374 - kedro.framework.session.session - INFO - Kedro project bert-demo
2023-12-01 14:04:45,317 - kedro.io.data_catalog - INFO - Loading data from 'input_text' (CSVDataSet)...
2023-12-01 14:04:45,325 - kedro.pipeline.node - INFO - Running node: bert_node: bert_language_model([input_text]) -> [bert_predictions]
2023-12-01 14:04:48,319 - kedro.pipeline.node - ERROR - Node 'bert_node: bert_language_model([input_text]) -> [bert_predictions]' failed with error: 
Input                                            input_text
0       The quick brown fox jumps over the lazy dog.,
1   A journey of a thousand miles begins with a si...
2   In the beginning, God created the heavens and ...
3          To be or not to be, that is the question.,
4                     All that glitters is not gold.,
5                Where there is love, there is life.,
6   The only limit to our realization of tomorrow ...
7   The greatest glory in living lies not in never...
8   Life is what happens when you're busy making o...
9   Success is not final, failure is not fatal: It...
10  The only way to do great work is to love what ...
11           Happiness can exist only in acceptance.,
12       It always seems impossible until it's done.,
13         Believe you can and you're halfway there.,
14  Life is really simple, but we insist on making...
15          The purpose of our lives is to be happy.,
16  I have not failed. I've just found 10,000 ways...
17  In three words I can sum up everything I've le...
18  You have within you right now, everything you ...
19  It is not the strongest of the species that su...
20  The only person you are destined to become is ...
21  Life is 10% what happens to us and 90% how we ...
22  It is during our darkest moments that we must ...
23  Do not wait to strike till the iron is hot, bu...
24  It's not what happens to you, but how you reac...
25  The only limit to our realization of tomorrow ...
26  The best way to predict the future is to creat...
27  Strive not to be a success, but rather to be o...
28  If you want to achieve greatness stop asking f...
29  Life is either a daring adventure or nothing a...
30  Don't watch the clock; do what it does. Keep g...
31  The only place where success comes before work...
32  Don't be pushed around by the fears in your mi...
33         If you're going through hell, keep going.,
34        Don't count the days, make the days count.,
35  Success is stumbling from failure to failure w...
36  It does not matter how slowly you go, as long ...
37  Believe in yourself and all that you are. Know...
38  Your time is limited, don't waste it living so...
39  The only person you are destined to become is ...
40  The only way to do great work is to love what ...
41  I've missed more than 9000 shots in my career....
42  Do not go where the path may lead, go instead ...
43  The best revenge is to be unlike him who perfo...
44  Be not afraid of life. Believe that life is wo...
45  Twenty years from now you will be more disappo... is not valid. Should be a string, a list/tuple of strings or a list/tuple of integers.
2023-12-01 14:04:48,329 - kedro.runner.sequential_runner - WARNING - No nodes ran. Repeat the previous command to attempt a new run.
2023-12-01 14:06:23,722 - kedro.framework.session.session - INFO - Kedro project bert-demo
2023-12-01 14:06:29,098 - kedro.io.data_catalog - INFO - Loading data from 'input_text' (CSVDataSet)...
2023-12-01 14:06:29,137 - kedro.pipeline.node - INFO - Running node: bert_node: bert_language_model([input_text]) -> [bert_predictions]
2023-12-01 14:06:31,960 - kedro.pipeline.node - ERROR - Node 'bert_node: bert_language_model([input_text]) -> [bert_predictions]' failed with error: 
Input                                                                                                                                                                                                                                                                                                                                                                                                                                                                                                                                                                                                                                                                                                                                                                                                                                                                                                                                                                                                                                                                                                                                                                                                                                                                                                                                                                                                                                                                                                                                                                                                                                                                                                                                                                                                                                                                                                                                                                                                                                                                                                                                                                                                                                                                                                                                                                                                                                                                                                                                                                                                                                                                                                                                                       input_text
["The quick brown fox jumps over the lazy dog. \r\nA journey of a thousand miles begins with a... \r\nIn the beginning  God created the heavens and the earth. \r\nTo be or not to be  that is the question. \r\nAll that glitters is not gold. \r\nWhere there is love  there is life. \r\nThe only limit to our realization of tomorr... \r\nThe greatest glory in living lies not in ne...  but in rising every time we fall. \r\nLife is what happens when you're busy makin... \r\nSuccess is not final  failure is not fatal: It is the courage to con... \r\nThe only way to do great work is to love wh... \r\nHappiness can exist only in acceptance. \r\nIt always seems impossible until it's done. \r\nBelieve you can and you're halfway there. \r\nLife is really simple  but we insist on making it complicated. \r\nThe purpose of our lives is to be happy. \r\nI have not failed. I've just found 10 000 ways that won't work. \r\nIn three words I can sum up everything I've... \r\nYou have within you right now  everything you need to deal with whatever the ... \r\nIt is not the strongest of the species that...  nor the most intelligent  but the one most responsive to change. \r\nThe only person you are destined to become ... \r\nLife is 10% what happens to us and 90% how ... \r\nIt is during our darkest moments that we mu... \r\nDo not wait to strike till the iron is hot  but make it hot by striking. \r\nIt's not what happens to you  but how you react to it that matters. \r\nThe only limit to our realization of tomorr... \r\nThe best way to predict the future is to cr... \r\nStrive not to be a success  but rather to be of value. \r\nIf you want to achieve greatness stop askin... \r\nLife is either a daring adventure or nothin... \r\nDon't watch the clock; do what it does. Kee... \r\nThe only place where success comes before w... \r\nDon't be pushed around by the fears in your... \r\nIf you're going through hell  keep going. \r\nDon't count the days  make the days count. \r\nSuccess is stumbling from failure to failur... \r\nIt does not matter how slowly you go  as long as you do not stop. \r\nBelieve in yourself and all that you are. K... \r\nYour time is limited  don't waste it living someone else's life. \r\nThe only person you are destined to become ... \r\nThe only way to do great work is to love wh... \r\nI've missed more than 9000 shots in my care... \r\nDo not go where the path may lead  go instead where there is no path and leave a ... \r\nThe best revenge is to be unlike him who pe... \r\nBe not afraid of life. Believe that life is...  and your belief will help create the fact.  \r\nTwenty years from now you will be more dis... is not valid. Should be a string, a list/tuple of strings or a list/tuple of integers.
2023-12-01 14:06:31,977 - kedro.runner.sequential_runner - WARNING - No nodes ran. Repeat the previous command to attempt a new run.
2023-12-01 14:07:04,852 - kedro.framework.session.session - INFO - Kedro project bert-demo
2023-12-01 14:07:09,374 - kedro.io.data_catalog - INFO - Loading data from 'input_text' (CSVDataSet)...
2023-12-01 14:07:09,383 - kedro.pipeline.node - INFO - Running node: bert_node: bert_language_model([input_text]) -> [bert_predictions]
2023-12-01 14:07:11,579 - kedro.pipeline.node - ERROR - Node 'bert_node: bert_language_model([input_text]) -> [bert_predictions]' failed with error: 
Input                                            input_text
0       The quick brown fox jumps over the lazy dog.,
1   A journey of a thousand miles begins with a si...
2   In the beginning, God created the heavens and ...
3          To be or not to be, that is the question.,
4                     All that glitters is not gold.,
5                Where there is love, there is life.,
6   The only limit to our realization of tomorrow ...
7   The greatest glory in living lies not in never...
8   Life is what happens when you're busy making o...
9   Success is not final, failure is not fatal: It...
10  The only way to do great work is to love what ...
11           Happiness can exist only in acceptance.,
12       It always seems impossible until it's done.,
13         Believe you can and you're halfway there.,
14  Life is really simple, but we insist on making...
15          The purpose of our lives is to be happy.,
16  I have not failed. I've just found 10,000 ways...
17  In three words I can sum up everything I've le...
18  You have within you right now, everything you ...
19  It is not the strongest of the species that su...
20  The only person you are destined to become is ...
21  Life is 10% what happens to us and 90% how we ...
22  It is during our darkest moments that we must ...
23  Do not wait to strike till the iron is hot, bu...
24  It's not what happens to you, but how you reac...
25  The only limit to our realization of tomorrow ...
26  The best way to predict the future is to creat...
27  Strive not to be a success, but rather to be o...
28  If you want to achieve greatness stop asking f...
29  Life is either a daring adventure or nothing a...
30  Don't watch the clock; do what it does. Keep g...
31  The only place where success comes before work...
32  Don't be pushed around by the fears in your mi...
33         If you're going through hell, keep going.,
34        Don't count the days, make the days count.,
35  Success is stumbling from failure to failure w...
36  It does not matter how slowly you go, as long ...
37  Believe in yourself and all that you are. Know...
38  Your time is limited, don't waste it living so...
39  The only person you are destined to become is ...
40  The only way to do great work is to love what ...
41  I've missed more than 9000 shots in my career....
42  Do not go where the path may lead, go instead ...
43  The best revenge is to be unlike him who perfo...
44  Be not afraid of life. Believe that life is wo...
45  Twenty years from now you will be more disappo... is not valid. Should be a string, a list/tuple of strings or a list/tuple of integers.
2023-12-01 14:07:11,589 - kedro.runner.sequential_runner - WARNING - No nodes ran. Repeat the previous command to attempt a new run.
2023-12-01 14:24:09,792 - kedro.framework.session.session - INFO - Kedro project bert-demo
2023-12-01 14:24:19,197 - kedro.io.data_catalog - INFO - Loading data from 'input_text' (CSVDataSet)...
2023-12-01 14:24:19,216 - kedro.pipeline.node - INFO - Running node: bert_node: bert_language_model([input_text]) -> [bert_predictions]
2023-12-01 14:24:22,053 - kedro.pipeline.node - ERROR - Node 'bert_node: bert_language_model([input_text]) -> [bert_predictions]' failed with error: 
Input                                            input_text
0       The quick brown fox jumps over the lazy dog.,
1   A journey of a thousand miles begins with a si...
2   In the beginning, God created the heavens and ...
3          To be or not to be, that is the question.,
4                     All that glitters is not gold.,
5                Where there is love, there is life.,
6   The only limit to our realization of tomorrow ...
7   The greatest glory in living lies not in never...
8   Life is what happens when you're busy making o...
9   Success is not final, failure is not fatal: It...
10  The only way to do great work is to love what ...
11           Happiness can exist only in acceptance.,
12       It always seems impossible until it's done.,
13         Believe you can and you're halfway there.,
14  Life is really simple, but we insist on making...
15          The purpose of our lives is to be happy.,
16  I have not failed. I've just found 10,000 ways...
17  In three words I can sum up everything I've le...
18  You have within you right now, everything you ...
19  It is not the strongest of the species that su...
20  The only person you are destined to become is ...
21  Life is 10% what happens to us and 90% how we ...
22  It is during our darkest moments that we must ...
23  Do not wait to strike till the iron is hot, bu...
24  It's not what happens to you, but how you reac...
25  The only limit to our realization of tomorrow ...
26  The best way to predict the future is to creat...
27  Strive not to be a success, but rather to be o...
28  If you want to achieve greatness stop asking f...
29  Life is either a daring adventure or nothing a...
30  Don't watch the clock; do what it does. Keep g...
31  The only place where success comes before work...
32  Don't be pushed around by the fears in your mi...
33         If you're going through hell, keep going.,
34        Don't count the days, make the days count.,
35  Success is stumbling from failure to failure w...
36  It does not matter how slowly you go, as long ...
37  Believe in yourself and all that you are. Know...
38  Your time is limited, don't waste it living so...
39  The only person you are destined to become is ...
40  The only way to do great work is to love what ...
41  I've missed more than 9000 shots in my career....
42  Do not go where the path may lead, go instead ...
43  The best revenge is to be unlike him who perfo...
44  Be not afraid of life. Believe that life is wo...
45  Twenty years from now you will be more disappo... is not valid. Should be a string, a list/tuple of strings or a list/tuple of integers.
2023-12-01 14:24:22,064 - kedro.runner.sequential_runner - WARNING - No nodes ran. Repeat the previous command to attempt a new run.
2023-12-01 14:37:30,929 - kedro.framework.session.session - INFO - Kedro project bert-demo
2023-12-01 14:37:40,227 - py.warnings - WARNING - /home/astha/.local/lib/python3.10/site-packages/kedro/framework/project/__init__.py:366: UserWarning: An error occurred while importing the 'bert_demo.pipelines.bert' module. Nothing defined therein will be returned by 'find_pipelines'.

Traceback (most recent call last):
  File "/home/astha/.local/lib/python3.10/site-packages/kedro/framework/project/__init__.py", line 364, in find_pipelines
    pipeline_module = importlib.import_module(pipeline_module_name)
  File "/usr/lib/python3.10/importlib/__init__.py", line 126, in import_module
    return _bootstrap._gcd_import(name[level:], package, level)
  File "<frozen importlib._bootstrap>", line 1050, in _gcd_import
  File "<frozen importlib._bootstrap>", line 1027, in _find_and_load
  File "<frozen importlib._bootstrap>", line 1006, in _find_and_load_unlocked
  File "<frozen importlib._bootstrap>", line 688, in _load_unlocked
  File "<frozen importlib._bootstrap_external>", line 883, in exec_module
  File "<frozen importlib._bootstrap>", line 241, in _call_with_frames_removed
  File "/home/astha/bert-demo/src/bert_demo/pipelines/bert/__init__.py", line 6, in <module>
    from .pipeline import create_pipeline
  File "/home/astha/bert-demo/src/bert_demo/pipelines/bert/pipeline.py", line 10, in <module>
    from .nodes import bert_language_model
  File "/home/astha/bert-demo/src/bert_demo/pipelines/bert/nodes.py", line 13, in <module>
    def bert_language_model(input_data: DataFrame) -> Any:
NameError: name 'Any' is not defined

  warnings.warn(

2023-12-01 14:38:59,078 - kedro.framework.session.session - INFO - Kedro project bert-demo
2023-12-01 14:39:21,586 - kedro.framework.session.session - INFO - Kedro project bert-demo
2023-12-01 14:39:25,943 - kedro.io.data_catalog - INFO - Loading data from 'input_data' (CSVDataSet)...
2023-12-01 14:39:25,954 - kedro.pipeline.node - INFO - Running node: bert_node: bert_language_model([input_data]) -> [bert_predictions]
2023-12-01 14:39:28,067 - kedro.pipeline.node - ERROR - Node 'bert_node: bert_language_model([input_data]) -> [bert_predictions]' failed with error: 
Input                                            input_text
0       The quick brown fox jumps over the lazy dog.,
1   A journey of a thousand miles begins with a si...
2   In the beginning, God created the heavens and ...
3          To be or not to be, that is the question.,
4                     All that glitters is not gold.,
5                Where there is love, there is life.,
6   The only limit to our realization of tomorrow ...
7   The greatest glory in living lies not in never...
8   Life is what happens when you're busy making o...
9   Success is not final, failure is not fatal: It...
10  The only way to do great work is to love what ...
11           Happiness can exist only in acceptance.,
12       It always seems impossible until it's done.,
13         Believe you can and you're halfway there.,
14  Life is really simple, but we insist on making...
15          The purpose of our lives is to be happy.,
16  I have not failed. I've just found 10,000 ways...
17  In three words I can sum up everything I've le...
18  You have within you right now, everything you ...
19  It is not the strongest of the species that su...
20  The only person you are destined to become is ...
21  Life is 10% what happens to us and 90% how we ...
22  It is during our darkest moments that we must ...
23  Do not wait to strike till the iron is hot, bu...
24  It's not what happens to you, but how you reac...
25  The only limit to our realization of tomorrow ...
26  The best way to predict the future is to creat...
27  Strive not to be a success, but rather to be o...
28  If you want to achieve greatness stop asking f...
29  Life is either a daring adventure or nothing a...
30  Don't watch the clock; do what it does. Keep g...
31  The only place where success comes before work...
32  Don't be pushed around by the fears in your mi...
33         If you're going through hell, keep going.,
34        Don't count the days, make the days count.,
35  Success is stumbling from failure to failure w...
36  It does not matter how slowly you go, as long ...
37  Believe in yourself and all that you are. Know...
38  Your time is limited, don't waste it living so...
39  The only person you are destined to become is ...
40  The only way to do great work is to love what ...
41  I've missed more than 9000 shots in my career....
42  Do not go where the path may lead, go instead ...
43  The best revenge is to be unlike him who perfo...
44  Be not afraid of life. Believe that life is wo...
45  Twenty years from now you will be more disappo... is not valid. Should be a string, a list/tuple of strings or a list/tuple of integers.
2023-12-01 14:39:28,080 - kedro.runner.sequential_runner - WARNING - No nodes ran. Repeat the previous command to attempt a new run.
2023-12-01 14:40:32,716 - kedro.framework.session.session - INFO - Kedro project bert-demo
2023-12-01 14:40:38,373 - kedro.io.data_catalog - INFO - Loading data from 'input_data' (CSVDataSet)...
2023-12-01 14:40:38,382 - kedro.pipeline.node - INFO - Running node: bert_node: bert_language_model([input_data]) -> [bert_predictions]
2023-12-01 14:40:38,384 - kedro.pipeline.node - ERROR - Node 'bert_node: bert_language_model([input_data]) -> [bert_predictions]' failed with error: 
'input_text'
2023-12-01 14:40:38,387 - kedro.runner.sequential_runner - WARNING - No nodes ran. Repeat the previous command to attempt a new run.
2023-12-01 14:41:49,177 - kedro.framework.session.session - INFO - Kedro project bert-demo
2023-12-01 14:41:54,989 - kedro.io.data_catalog - INFO - Loading data from 'input_text' (CSVDataSet)...
2023-12-01 14:41:54,997 - kedro.pipeline.node - INFO - Running node: bert_node: bert_language_model([input_text]) -> [bert_predictions]
2023-12-01 14:41:57,576 - kedro.pipeline.node - ERROR - Node 'bert_node: bert_language_model([input_text]) -> [bert_predictions]' failed with error: 
Input         The quick brown fox jumps over the lazy dog.,
0   A journey of a thousand miles begins with a si...
1   In the beginning, God created the heavens and ...
2          To be or not to be, that is the question.,
3                     All that glitters is not gold.,
4                Where there is love, there is life.,
5   The only limit to our realization of tomorrow ...
6   The greatest glory in living lies not in never...
7   Life is what happens when you're busy making o...
8   Success is not final, failure is not fatal: It...
9   The only way to do great work is to love what ...
10           Happiness can exist only in acceptance.,
11       It always seems impossible until it's done.,
12         Believe you can and you're halfway there.,
13  Life is really simple, but we insist on making...
14          The purpose of our lives is to be happy.,
15  I have not failed. I've just found 10,000 ways...
16  In three words I can sum up everything I've le...
17  You have within you right now, everything you ...
18  It is not the strongest of the species that su...
19  The only person you are destined to become is ...
20  Life is 10% what happens to us and 90% how we ...
21  It is during our darkest moments that we must ...
22  Do not wait to strike till the iron is hot, bu...
23  It's not what happens to you, but how you reac...
24  The only limit to our realization of tomorrow ...
25  The best way to predict the future is to creat...
26  Strive not to be a success, but rather to be o...
27  If you want to achieve greatness stop asking f...
28  Life is either a daring adventure or nothing a...
29  Don't watch the clock; do what it does. Keep g...
30  The only place where success comes before work...
31  Don't be pushed around by the fears in your mi...
32         If you're going through hell, keep going.,
33        Don't count the days, make the days count.,
34  Success is stumbling from failure to failure w...
35  It does not matter how slowly you go, as long ...
36  Believe in yourself and all that you are. Know...
37  Your time is limited, don't waste it living so...
38  The only person you are destined to become is ...
39  The only way to do great work is to love what ...
40  I've missed more than 9000 shots in my career....
41  Do not go where the path may lead, go instead ...
42  The best revenge is to be unlike him who perfo...
43  Be not afraid of life. Believe that life is wo...
44  Twenty years from now you will be more disappo... is not valid. Should be a string, a list/tuple of strings or a list/tuple of integers.
2023-12-01 14:41:57,588 - kedro.runner.sequential_runner - WARNING - No nodes ran. Repeat the previous command to attempt a new run.
2023-12-01 14:59:18,849 - kedro.framework.session.session - INFO - Kedro project bert-demo
2023-12-01 14:59:22,882 - kedro.io.data_catalog - INFO - Loading data from 'input_text' (CSVDataSet)...
2023-12-01 14:59:22,893 - kedro.pipeline.node - INFO - Running node: bert_node: bert_language_model([input_text]) -> [bert_predictions]
2023-12-01 14:59:27,582 - kedro.io.data_catalog - INFO - Saving data to 'bert_predictions' (MemoryDataset)...
2023-12-01 14:59:27,643 - kedro.runner.sequential_runner - INFO - Completed 1 out of 1 tasks
2023-12-01 14:59:27,644 - kedro.runner.sequential_runner - INFO - Pipeline execution completed successfully.
2023-12-01 14:59:27,645 - kedro.io.data_catalog - INFO - Loading data from 'bert_predictions' (MemoryDataset)...
2023-12-01 15:01:02,766 - kedro.framework.session.session - INFO - Kedro project bert-demo
2023-12-01 15:01:06,549 - kedro.io.data_catalog - INFO - Loading data from 'input_text' (CSVDataSet)...
2023-12-01 15:01:06,559 - kedro.pipeline.node - INFO - Running node: bert_node: bert_language_model([input_text]) -> [bert_predictions]
2023-12-01 15:01:11,768 - kedro.io.data_catalog - INFO - Saving data to 'bert_predictions' (MemoryDataset)...
2023-12-01 15:01:11,835 - kedro.runner.sequential_runner - INFO - Completed 1 out of 1 tasks
2023-12-01 15:01:11,836 - kedro.runner.sequential_runner - INFO - Pipeline execution completed successfully.
2023-12-01 15:01:11,837 - kedro.io.data_catalog - INFO - Loading data from 'bert_predictions' (MemoryDataset)...
